
E2E_CHECKOUT TEST SESSION
Started: 2025-08-13 16:27:39
============================================================

2025-08-13 16:27:39,621 - INFO - Logging initialized for pytest session.
2025-08-13 16:27:39,626 - INFO - Test session started with 1 test file(s)
2025-08-13 16:27:39,978 - INFO - üöÄ Starting: test_single_item_e2e_purchase
2025-08-13 16:27:39,979 - INFO - ====== WebDriver manager ======
2025-08-13 16:27:40,726 - INFO - Get LATEST chromedriver version for google-chrome
2025-08-13 16:27:40,753 - INFO - Get LATEST chromedriver version for google-chrome
2025-08-13 16:27:40,773 - INFO - Driver [C:\Users\blace\.wdm\drivers\chromedriver\win64\139.0.7258.68\chromedriver-win32/chromedriver.exe] found in cache
2025-08-13 16:27:42,103 - INFO - üõí Starting E2E test: single_item_purchase
2025-08-13 16:27:42,112 - INFO - ‚úÖ Verified inventory page loaded after login
2025-08-13 16:27:42,173 - INFO - Successfully added item containing 'backpack' to cart
2025-08-13 16:27:42,190 - INFO - Cart summary: 1 items in cart, expected 1
2025-08-13 16:27:42,190 - INFO - ‚úÖ Successfully added 1 items to cart
2025-08-13 16:27:42,240 - INFO - Cart verification: Expected 1, found 1 - ‚úì
2025-08-13 16:27:42,240 - INFO - ‚úÖ Cart contents verified
2025-08-13 16:27:42,283 - INFO - Successfully navigated to checkout page
2025-08-13 16:27:42,283 - INFO - ‚úÖ Successfully navigated to checkout
2025-08-13 16:27:42,283 - INFO - Starting full checkout flow for Test User
2025-08-13 16:27:42,441 - INFO - Filled checkout info: Test User, 12345
2025-08-13 16:27:47,545 - INFO - Successfully completed checkout information step
2025-08-13 16:27:47,573 - INFO - Checkout overview - Items: 1, Subtotal: $29.99, Tax: $2.40, Total: $32.39
2025-08-13 16:27:47,612 - INFO - Clicked finish button
2025-08-13 16:27:47,632 - INFO - Purchase completed! Message: 'Thank you for your order!'
2025-08-13 16:27:47,632 - INFO - ‚úÖ Full checkout flow completed successfully!
2025-08-13 16:27:47,632 - INFO - ‚úÖ Purchase completed! Total: $32.39
2025-08-13 16:27:47,672 - INFO - Successfully returned to inventory from checkout complete
2025-08-13 16:27:47,672 - INFO - ‚úÖ Successfully returned to inventory page
2025-08-13 16:27:47,679 - INFO - ‚úÖ E2E test completed successfully - cart is now empty
2025-08-13 16:27:47,679 - INFO - ‚úÖ PASSED: test_single_item_e2e_purchase
2025-08-13 16:27:49,809 - INFO - ‚úÖ Finished: test_single_item_e2e_purchase
2025-08-13 16:27:49,810 - INFO - üöÄ Starting: test_multiple_items_e2e_purchase
2025-08-13 16:27:49,810 - INFO - ====== WebDriver manager ======
2025-08-13 16:27:50,522 - INFO - Get LATEST chromedriver version for google-chrome
2025-08-13 16:27:50,548 - INFO - Get LATEST chromedriver version for google-chrome
2025-08-13 16:27:50,568 - INFO - Driver [C:\Users\blace\.wdm\drivers\chromedriver\win64\139.0.7258.68\chromedriver-win32/chromedriver.exe] found in cache
2025-08-13 16:27:51,855 - INFO - üõí Starting E2E test: multiple_items_purchase with 3 items
2025-08-13 16:27:51,861 - INFO - ‚úÖ Inventory page loaded
2025-08-13 16:27:51,912 - INFO - Successfully added item containing 'backpack' to cart
2025-08-13 16:27:51,963 - INFO - Successfully added item containing 'shirt' to cart
2025-08-13 16:27:52,008 - INFO - Successfully added item containing 'bike' to cart
2025-08-13 16:27:52,017 - INFO - Cart summary: 3 items in cart, expected 3
2025-08-13 16:27:52,018 - INFO - ‚úÖ Added 3 out of 3 requested items
2025-08-13 16:27:52,064 - INFO - Cart verification: Expected 3, found 3 - ‚úì
2025-08-13 16:27:52,114 - INFO - Successfully navigated to checkout page
2025-08-13 16:27:52,114 - INFO - ‚úÖ Proceeded to checkout with multiple items
2025-08-13 16:27:52,114 - INFO - Starting full checkout flow for Multi Buyer
2025-08-13 16:27:52,253 - INFO - Filled checkout info: Multi Buyer, 67890
2025-08-13 16:27:57,351 - INFO - Successfully completed checkout information step
2025-08-13 16:27:57,380 - INFO - Checkout overview - Items: 3, Subtotal: $55.97, Tax: $4.48, Total: $60.45
2025-08-13 16:27:57,421 - INFO - Clicked finish button
2025-08-13 16:27:57,442 - INFO - Purchase completed! Message: 'Thank you for your order!'
2025-08-13 16:27:57,442 - INFO - ‚úÖ Full checkout flow completed successfully!
2025-08-13 16:27:57,442 - INFO - ‚úÖ Multi-item purchase completed! Items: 3, Total: $60.45
2025-08-13 16:27:57,486 - INFO - Successfully returned to inventory from checkout complete
2025-08-13 16:27:57,486 - INFO - ‚úÖ Multi-item E2E test completed successfully
2025-08-13 16:27:57,486 - INFO - ‚úÖ PASSED: test_multiple_items_e2e_purchase
2025-08-13 16:27:59,612 - INFO - ‚úÖ Finished: test_multiple_items_e2e_purchase
2025-08-13 16:27:59,613 - INFO - üöÄ Starting: test_checkout_validation_errors
2025-08-13 16:27:59,613 - INFO - ====== WebDriver manager ======
2025-08-13 16:28:00,311 - INFO - Get LATEST chromedriver version for google-chrome
2025-08-13 16:28:00,344 - INFO - Get LATEST chromedriver version for google-chrome
2025-08-13 16:28:00,366 - INFO - Driver [C:\Users\blace\.wdm\drivers\chromedriver\win64\139.0.7258.68\chromedriver-win32/chromedriver.exe] found in cache
2025-08-13 16:28:01,652 - INFO - üö® Testing checkout form validation
2025-08-13 16:28:01,706 - INFO - Successfully added item containing 'backpack' to cart
2025-08-13 16:28:01,717 - INFO - Cart summary: 1 items in cart, expected 1
2025-08-13 16:28:01,800 - INFO - Successfully navigated to checkout page
2025-08-13 16:28:01,800 - INFO - Testing validation: Error: First Name is required
2025-08-13 16:28:01,928 - INFO - Filled checkout info:  Doe, 12345
2025-08-13 16:28:01,981 - ERROR - Checkout info validation failed: Error: First Name is required
2025-08-13 16:28:01,981 - INFO - ‚úÖ Validation correctly failed: Error: First Name is required
2025-08-13 16:28:01,981 - INFO - Testing validation: Error: Last Name is required
2025-08-13 16:28:02,107 - INFO - Filled checkout info: John , 12345
2025-08-13 16:28:07,199 - INFO - Successfully completed checkout information step
2025-08-13 16:28:07,389 - ERROR - ‚ùå FAILED: test_checkout_validation_errors
2025-08-13 16:28:07,389 - ERROR -    Reason: self = <tests.e2e_checkout.TestE2ECheckoutFlow object at 0x0000023687DC0A50>
2025-08-13 16:28:09,517 - INFO - ‚úÖ Finished: test_checkout_validation_errors
2025-08-13 16:28:09,518 - INFO - üöÄ Starting: test_parameterized_e2e_scenarios[0]
2025-08-13 16:28:09,519 - INFO - ====== WebDriver manager ======
2025-08-13 16:28:10,228 - INFO - Get LATEST chromedriver version for google-chrome
2025-08-13 16:28:10,252 - INFO - Get LATEST chromedriver version for google-chrome
2025-08-13 16:28:10,272 - INFO - Driver [C:\Users\blace\.wdm\drivers\chromedriver\win64\139.0.7258.68\chromedriver-win32/chromedriver.exe] found in cache
2025-08-13 16:28:11,625 - INFO - üîÑ Running parameterized E2E test: single_item_purchase
2025-08-13 16:28:11,682 - INFO - Successfully added item containing 'backpack' to cart
2025-08-13 16:28:11,691 - INFO - Cart summary: 1 items in cart, expected 1
2025-08-13 16:28:11,783 - INFO - Successfully navigated to checkout page
2025-08-13 16:28:11,783 - INFO - Starting full checkout flow for Test User
2025-08-13 16:28:11,942 - INFO - Filled checkout info: Test User, 12345
2025-08-13 16:28:17,063 - INFO - Successfully completed checkout information step
2025-08-13 16:28:17,092 - INFO - Checkout overview - Items: 1, Subtotal: $29.99, Tax: $2.40, Total: $32.39
2025-08-13 16:28:17,135 - INFO - Clicked finish button
2025-08-13 16:28:17,157 - INFO - Purchase completed! Message: 'Thank you for your order!'
2025-08-13 16:28:17,157 - INFO - ‚úÖ Full checkout flow completed successfully!
2025-08-13 16:28:17,157 - INFO - ‚úÖ Parameterized test passed: single_item_purchase
2025-08-13 16:28:17,157 - INFO - ‚úÖ PASSED: test_parameterized_e2e_scenarios[0]
2025-08-13 16:28:19,287 - INFO - ‚úÖ Finished: test_parameterized_e2e_scenarios[0]
2025-08-13 16:28:19,287 - INFO - üöÄ Starting: test_parameterized_e2e_scenarios[1]
2025-08-13 16:28:19,288 - INFO - ====== WebDriver manager ======
2025-08-13 16:28:19,977 - INFO - Get LATEST chromedriver version for google-chrome
2025-08-13 16:28:19,996 - INFO - Get LATEST chromedriver version for google-chrome
2025-08-13 16:28:20,012 - INFO - Driver [C:\Users\blace\.wdm\drivers\chromedriver\win64\139.0.7258.68\chromedriver-win32/chromedriver.exe] found in cache
2025-08-13 16:28:21,329 - INFO - üîÑ Running parameterized E2E test: multiple_items_purchase
2025-08-13 16:28:21,384 - INFO - Successfully added item containing 'backpack' to cart
2025-08-13 16:28:21,436 - INFO - Successfully added item containing 'shirt' to cart
2025-08-13 16:28:21,480 - INFO - Successfully added item containing 'bike' to cart
2025-08-13 16:28:21,489 - INFO - Cart summary: 3 items in cart, expected 3
2025-08-13 16:28:21,573 - INFO - Successfully navigated to checkout page
2025-08-13 16:28:21,573 - INFO - Starting full checkout flow for Multi Buyer
2025-08-13 16:28:21,728 - INFO - Filled checkout info: Multi Buyer, 67890
2025-08-13 16:28:26,828 - INFO - Successfully completed checkout information step
2025-08-13 16:28:26,856 - INFO - Checkout overview - Items: 3, Subtotal: $55.97, Tax: $4.48, Total: $60.45
2025-08-13 16:28:26,894 - INFO - Clicked finish button
2025-08-13 16:28:26,915 - INFO - Purchase completed! Message: 'Thank you for your order!'
2025-08-13 16:28:26,915 - INFO - ‚úÖ Full checkout flow completed successfully!
2025-08-13 16:28:26,915 - INFO - ‚úÖ Parameterized test passed: multiple_items_purchase
2025-08-13 16:28:26,916 - INFO - ‚úÖ PASSED: test_parameterized_e2e_scenarios[1]
2025-08-13 16:28:29,064 - INFO - ‚úÖ Finished: test_parameterized_e2e_scenarios[1]
2025-08-13 16:28:29,065 - INFO - üöÄ Starting: test_parameterized_e2e_scenarios[2]
2025-08-13 16:28:29,065 - INFO - ====== WebDriver manager ======
2025-08-13 16:28:29,761 - INFO - Get LATEST chromedriver version for google-chrome
2025-08-13 16:28:29,781 - INFO - Get LATEST chromedriver version for google-chrome
2025-08-13 16:28:29,799 - INFO - Driver [C:\Users\blace\.wdm\drivers\chromedriver\win64\139.0.7258.68\chromedriver-win32/chromedriver.exe] found in cache
2025-08-13 16:28:31,123 - INFO - üîÑ Running parameterized E2E test: all_items_purchase
2025-08-13 16:28:31,190 - INFO - Successfully added item containing 'backpack' to cart
2025-08-13 16:28:31,235 - INFO - Successfully added item containing 'bike' to cart
2025-08-13 16:28:31,285 - INFO - Successfully added item containing 'shirt' to cart
2025-08-13 16:28:31,360 - INFO - Successfully added item containing 'jacket' to cart
2025-08-13 16:28:31,425 - INFO - Successfully added item containing 'onesie' to cart
2025-08-13 16:28:31,468 - INFO - Successfully added item containing 'light' to cart
2025-08-13 16:28:31,478 - INFO - Cart summary: 4 items in cart, expected 6
2025-08-13 16:28:31,566 - INFO - Successfully navigated to checkout page
2025-08-13 16:28:31,566 - INFO - Starting full checkout flow for Power Shopper
2025-08-13 16:28:31,706 - INFO - Filled checkout info: Power Shopper, 99999
2025-08-13 16:28:36,804 - INFO - Successfully completed checkout information step
2025-08-13 16:28:36,833 - INFO - Checkout overview - Items: 4, Subtotal: $103.96, Tax: $8.32, Total: $112.28
2025-08-13 16:28:36,833 - ERROR - Items count mismatch: expected 6, found 4
2025-08-13 16:28:36,838 - ERROR - ‚ùå FAILED: test_parameterized_e2e_scenarios[2]
2025-08-13 16:28:36,838 - ERROR -    Reason: self = <tests.e2e_checkout.TestE2ECheckoutFlow object at 0x0000023687DC1BD0>
2025-08-13 16:28:38,967 - INFO - ‚úÖ Finished: test_parameterized_e2e_scenarios[2]
2025-08-13 16:28:38,968 - INFO - üöÄ Starting: test_cart_to_inventory_navigation
2025-08-13 16:28:38,968 - INFO - ====== WebDriver manager ======
2025-08-13 16:28:39,661 - INFO - Get LATEST chromedriver version for google-chrome
2025-08-13 16:28:39,683 - INFO - Get LATEST chromedriver version for google-chrome
2025-08-13 16:28:39,701 - INFO - Driver [C:\Users\blace\.wdm\drivers\chromedriver\win64\139.0.7258.68\chromedriver-win32/chromedriver.exe] found in cache
2025-08-13 16:28:40,995 - INFO - üîÑ Testing cart navigation flow
2025-08-13 16:28:41,064 - INFO - Successfully added item containing 'shirt' to cart
2025-08-13 16:28:41,075 - INFO - Cart summary: 1 items in cart, expected 1
2025-08-13 16:28:41,111 - INFO - ‚úÖ Successfully navigated to cart
2025-08-13 16:28:41,160 - INFO - Successfully returned to inventory page
2025-08-13 16:28:41,163 - INFO - ‚úÖ Successfully returned to inventory from cart
2025-08-13 16:28:41,163 - INFO - ‚úÖ PASSED: test_cart_to_inventory_navigation
2025-08-13 16:28:43,273 - INFO - ‚úÖ Finished: test_cart_to_inventory_navigation
2025-08-13 16:28:43,274 - INFO - üöÄ Starting: test_checkout_overview_calculations
2025-08-13 16:28:43,275 - INFO - ====== WebDriver manager ======
2025-08-13 16:28:43,971 - INFO - Get LATEST chromedriver version for google-chrome
2025-08-13 16:28:43,990 - INFO - Get LATEST chromedriver version for google-chrome
2025-08-13 16:28:44,007 - INFO - Driver [C:\Users\blace\.wdm\drivers\chromedriver\win64\139.0.7258.68\chromedriver-win32/chromedriver.exe] found in cache
2025-08-13 16:28:45,368 - INFO - ** Testing checkout calculations
2025-08-13 16:28:45,427 - INFO - Successfully added item containing 'backpack' to cart
2025-08-13 16:28:45,482 - INFO - Successfully added item containing 'shirt' to cart
2025-08-13 16:28:45,491 - INFO - Cart summary: 2 items in cart, expected 2
2025-08-13 16:28:45,582 - INFO - Successfully navigated to checkout page
2025-08-13 16:28:45,722 - INFO - Filled checkout info: John Doe, 12345
2025-08-13 16:28:50,823 - INFO - Successfully completed checkout information step
2025-08-13 16:28:50,851 - INFO - Checkout overview - Items: 2, Subtotal: $45.98, Tax: $3.68, Total: $49.66
2025-08-13 16:28:50,851 - INFO - ‚úÖ Calculations verified: $45.98 + $3.68 = $49.66
2025-08-13 16:28:50,852 - INFO - ‚úÖ PASSED: test_checkout_overview_calculations
2025-08-13 16:28:52,975 - INFO - ‚úÖ Finished: test_checkout_overview_calculations
2025-08-13 16:28:52,977 - INFO - ============================================================
2025-08-13 16:28:52,977 - INFO - TEST SESSION SUMMARY
2025-08-13 16:28:52,977 - INFO - ============================================================
2025-08-13 16:28:52,977 - INFO - Total Tests: 8
2025-08-13 16:28:52,977 - INFO - Passed: 6
2025-08-13 16:28:52,977 - INFO - Failed: 2
2025-08-13 16:28:52,977 - INFO - Exit Status: 1
2025-08-13 16:28:52,977 - INFO - Session finished: 2025-08-13 16:28:52
2025-08-13 16:28:52,977 - INFO - ============================================================
